Info: Starting: Create block symbol file (.bsf)
Info: ip-generate --project-directory=P:/nios_simple_memonchip/ --output-directory=P:/nios_simple_memonchip/nios_cpu/ --report-file=bsf:P:/nios_simple_memonchip/nios_cpu.bsf --system-info=DEVICE_FAMILY="Cyclone II" --system-info=DEVICE=EP2C20F484C7 --system-info=DEVICE_SPEEDGRADE=7 --component-file=P:/nios_simple_memonchip/nios_cpu.qsys
Progress: Loading nios_simple_memonchip/nios_cpu.qsys
Progress: Reading input file
Progress: Adding clk_0 [clock_source 13.0]
Progress: Parameterizing module clk_0
Progress: Adding nios2_cpu [altera_nios2_qsys 13.0]
Progress: Parameterizing module nios2_cpu
Progress: Adding onchip_memory2_0 [altera_avalon_onchip_memory2 13.0.1.99.2]
Progress: Parameterizing module onchip_memory2_0
Progress: Adding jtag_uart_0 [altera_avalon_jtag_uart 13.0.1.99.2]
Progress: Parameterizing module jtag_uart_0
Progress: Building connections
Progress: Parameterizing connections
Progress: Validating
Progress: Done reading input file
Info: ip-generate succeeded.
Info: Finished: Create block symbol file (.bsf)
Info: 
Info: Starting: Create HDL design files for synthesis
Info: ip-generate --project-directory=P:/nios_simple_memonchip/ --output-directory=P:/nios_simple_memonchip/nios_cpu/synthesis/ --file-set=QUARTUS_SYNTH --report-file=sopcinfo:P:/nios_simple_memonchip/nios_cpu.sopcinfo --report-file=html:P:/nios_simple_memonchip/nios_cpu.html --report-file=qip:P:/nios_simple_memonchip/nios_cpu/synthesis/nios_cpu.qip --report-file=cmp:P:/nios_simple_memonchip/nios_cpu.cmp --report-file=svd --system-info=DEVICE_FAMILY="Cyclone II" --system-info=DEVICE=EP2C20F484C7 --system-info=DEVICE_SPEEDGRADE=7 --component-file=P:/nios_simple_memonchip/nios_cpu.qsys --language=VERILOG
Progress: Loading nios_simple_memonchip/nios_cpu.qsys
Progress: Reading input file
Progress: Adding clk_0 [clock_source 13.0]
Progress: Parameterizing module clk_0
Progress: Adding nios2_cpu [altera_nios2_qsys 13.0]
Progress: Parameterizing module nios2_cpu
Progress: Adding onchip_memory2_0 [altera_avalon_onchip_memory2 13.0.1.99.2]
Progress: Parameterizing module onchip_memory2_0
Progress: Adding jtag_uart_0 [altera_avalon_jtag_uart 13.0.1.99.2]
Progress: Parameterizing module jtag_uart_0
Progress: Building connections
Progress: Parameterizing connections
Progress: Validating
Progress: Done reading input file
Info: nios_cpu: Generating nios_cpu "nios_cpu" for QUARTUS_SYNTH
Info: pipeline_bridge_swap_transform: After transform: 4 modules, 14 connections
Info: No custom instruction connections, skipping transform 
Info: merlin_translator_transform: After transform: 9 modules, 29 connections
Info: merlin_domain_transform: After transform: 18 modules, 73 connections
Info: merlin_router_transform: After transform: 23 modules, 88 connections
Info: merlin_traffic_limiter_transform: After transform: 25 modules, 96 connections
Info: reset_adaptation_transform: After transform: 26 modules, 98 connections
Info: merlin_network_to_switch_transform: After transform: 35 modules, 120 connections
Info: limiter_update_transform: After transform: 35 modules, 122 connections
Info: merlin_mm_transform: After transform: 35 modules, 122 connections
Info: merlin_interrupt_mapper_transform: After transform: 36 modules, 125 connections
Warning: nios_cpu: "No matching role found for rst_controller:reset_out:reset_req (reset_req)"
Warning: nios_cpu: "No matching role found for rst_controller:reset_out:reset_req (reset_req)"
Warning: nios_cpu: "No matching role found for rst_controller:reset_out:reset_req (reset_req)"
Warning: nios_cpu: "No matching role found for rst_controller:reset_out:reset_req (reset_req)"
Warning: nios_cpu: "No matching role found for rst_controller:reset_out:reset_req (reset_req)"
Warning: nios_cpu: "No matching role found for rst_controller:reset_out:reset_req (reset_req)"
Warning: nios_cpu: "No matching role found for rst_controller:reset_out:reset_req (reset_req)"
Warning: nios_cpu: "No matching role found for rst_controller:reset_out:reset_req (reset_req)"
Warning: nios_cpu: "No matching role found for rst_controller:reset_out:reset_req (reset_req)"
Warning: nios_cpu: "No matching role found for rst_controller:reset_out:reset_req (reset_req)"
Warning: nios_cpu: "No matching role found for rst_controller:reset_out:reset_req (reset_req)"
Warning: nios_cpu: "No matching role found for rst_controller:reset_out:reset_req (reset_req)"
Warning: nios_cpu: "No matching role found for rst_controller:reset_out:reset_req (reset_req)"
Warning: nios_cpu: "No matching role found for rst_controller:reset_out:reset_req (reset_req)"
Warning: nios_cpu: "No matching role found for rst_controller:reset_out:reset_req (reset_req)"
Warning: nios_cpu: "No matching role found for rst_controller:reset_out:reset_req (reset_req)"
Warning: nios_cpu: "No matching role found for rst_controller:reset_out:reset_req (reset_req)"
Warning: nios_cpu: "No matching role found for rst_controller:reset_out:reset_req (reset_req)"
Warning: nios_cpu: "No matching role found for rst_controller:reset_out:reset_req (reset_req)"
Warning: nios_cpu: "No matching role found for rst_controller:reset_out:reset_req (reset_req)"
Warning: nios_cpu: "No matching role found for rst_controller:reset_out:reset_req (reset_req)"
Warning: nios_cpu: "No matching role found for rst_controller:reset_out:reset_req (reset_req)"
Warning: nios_cpu: "No matching role found for rst_controller:reset_out:reset_req (reset_req)"
Warning: nios_cpu: "No matching role found for rst_controller:reset_out:reset_req (reset_req)"
Warning: nios_cpu: "No matching role found for rst_controller:reset_out:reset_req (reset_req)"
Warning: nios_cpu: "No matching role found for rst_controller:reset_out:reset_req (reset_req)"
Warning: nios_cpu: "No matching role found for rst_controller:reset_out:reset_req (reset_req)"
Warning: nios_cpu: "No matching role found for rst_controller:reset_out:reset_req (reset_req)"
Warning: nios_cpu: "No matching role found for rst_controller:reset_out:reset_req (reset_req)"
Warning: nios_cpu: "No matching role found for rst_controller:reset_out:reset_req (reset_req)"
Warning: nios_cpu: "No matching role found for rst_controller:reset_out:reset_req (reset_req)"
Warning: nios_cpu: "No matching role found for rst_controller:reset_out:reset_req (reset_req)"
Warning: nios_cpu: "No matching role found for rst_controller:reset_out:reset_req (reset_req)"
Info: nios2_cpu: Starting RTL generation for module 'nios_cpu_nios2_cpu'
Info: nios2_cpu:   Generation command is [exec C:/software/altera/quartus/../ip/altera/nios2_ip/altera_nios2/eperl.exe -I C:/software/altera/quartus/common/ip/altera/common/perl/5.8.3 -I C:/software/altera/quartus/sopc_builder/bin/europa -I C:/software/altera/quartus/sopc_builder/bin/perl_lib -I C:/software/altera/quartus/sopc_builder/bin -I C:/software/altera/quartus/../ip/altera/nios2_ip/altera_nios2/cpu_lib -I C:/software/altera/quartus/../ip/altera/nios2_ip/altera_nios2/nios_lib -I C:/software/altera/quartus/../ip/altera/nios2_ip/altera_nios2 -I C:/software/altera/quartus/../ip/altera/nios2_ip/altera_nios2 -- C:/software/altera/quartus/../ip/altera/nios2_ip/altera_nios2/generate_rtl.epl --name=nios_cpu_nios2_cpu --dir=C:/Users/s396411/AppData/Local/Temp/alt7155_7587934927086033295.dir/0001_nios2_cpu_gen/ --quartus_dir=C:/software/altera/quartus --verilog --config=C:/Users/s396411/AppData/Local/Temp/alt7155_7587934927086033295.dir/0001_nios2_cpu_gen//nios_cpu_nios2_cpu_processor_configuration.pl  --do_build_sim=0    --bogus  ]
Info: nios2_cpu: # 2016.12.20 09:41:15 (*) Starting Nios II generation
Info: nios2_cpu: # 2016.12.20 09:41:15 (*)   Checking for plaintext license.
Info: nios2_cpu: # 2016.12.20 09:41:16 (*)   Couldn't query license setup in Quartus directory C:/software/altera/quartus
Info: nios2_cpu: # 2016.12.20 09:41:16 (*)   Defaulting to contents of LM_LICENSE_FILE environment variable
Info: nios2_cpu: # 2016.12.20 09:41:16 (*)   LM_LICENSE_FILE environment variable is empty
Info: nios2_cpu: # 2016.12.20 09:41:16 (*)   Plaintext license not found.
Info: nios2_cpu: # 2016.12.20 09:41:16 (*)   Checking for encrypted license (non-evaluation).
Info: nios2_cpu: # 2016.12.20 09:41:17 (*)   Couldn't query license setup in Quartus directory C:/software/altera/quartus
Info: nios2_cpu: # 2016.12.20 09:41:17 (*)   Defaulting to contents of LM_LICENSE_FILE environment variable
Info: nios2_cpu: # 2016.12.20 09:41:17 (*)   LM_LICENSE_FILE environment variable is empty
Info: nios2_cpu: # 2016.12.20 09:41:17 (*)   Encrypted license not found.  Defaulting to OCP evaluation license (produces a time-limited SOF)
Info: nios2_cpu: # 2016.12.20 09:41:17 (*)   Elaborating CPU configuration settings
Info: nios2_cpu: # 2016.12.20 09:41:17 (*)   Creating all objects for CPU
Info: nios2_cpu: # 2016.12.20 09:41:17 (*)     Testbench
Info: nios2_cpu: # 2016.12.20 09:41:17 (*)     Instruction decoding
Info: nios2_cpu: # 2016.12.20 09:41:17 (*)       Instruction fields
Info: nios2_cpu: # 2016.12.20 09:41:17 (*)       Instruction decodes
Info: nios2_cpu: # 2016.12.20 09:41:17 (*)       Signals for RTL simulation waveforms
Info: nios2_cpu: # 2016.12.20 09:41:17 (*)       Instruction controls
Info: nios2_cpu: # 2016.12.20 09:41:17 (*)     Pipeline frontend
Info: nios2_cpu: # 2016.12.20 09:41:18 (*)     Pipeline backend
Info: nios2_cpu: # 2016.12.20 09:41:20 (*)   Generating RTL from CPU objects
Info: nios2_cpu: # 2016.12.20 09:41:23 (*)   Creating encrypted RTL
Info: nios2_cpu: # 2016.12.20 09:41:24 (*) Done Nios II generation
Info: nios2_cpu: Done RTL generation for module 'nios_cpu_nios2_cpu'
Info: nios2_cpu: "nios_cpu" instantiated altera_nios2_qsys "nios2_cpu"
Info: onchip_memory2_0: Starting RTL generation for module 'nios_cpu_onchip_memory2_0'
Info: onchip_memory2_0:   Generation command is [exec C:/software/altera/quartus/bin/perl/bin/perl.exe -I C:/software/altera/quartus/common/ip/altera/common/perl/5.8.3 -I C:/software/altera/quartus/sopc_builder/bin/europa -I C:/software/altera/quartus/sopc_builder/bin/perl_lib -I C:/software/altera/quartus/sopc_builder/bin -I C:/software/altera/quartus/../ip/altera/sopc_builder_ip/common -I C:/software/altera/quartus/../ip/altera/sopc_builder_ip/altera_avalon_onchip_memory2 -- C:/software/altera/quartus/../ip/altera/sopc_builder_ip/altera_avalon_onchip_memory2/generate_rtl.pl --name=nios_cpu_onchip_memory2_0 --dir=C:/Users/s396411/AppData/Local/Temp/alt7155_7587934927086033295.dir/0002_onchip_memory2_0_gen/ --quartus_dir=C:/software/altera/quartus --verilog --config=C:/Users/s396411/AppData/Local/Temp/alt7155_7587934927086033295.dir/0002_onchip_memory2_0_gen//nios_cpu_onchip_memory2_0_component_configuration.pl  --do_build_sim=0  ]
Info: onchip_memory2_0: Done RTL generation for module 'nios_cpu_onchip_memory2_0'
Info: onchip_memory2_0: "nios_cpu" instantiated altera_avalon_onchip_memory2 "onchip_memory2_0"
Info: jtag_uart_0: Starting RTL generation for module 'nios_cpu_jtag_uart_0'
Info: jtag_uart_0:   Generation command is [exec C:/software/altera/quartus/bin/perl/bin/perl.exe -I C:/software/altera/quartus/common/ip/altera/common/perl/5.8.3 -I C:/software/altera/quartus/sopc_builder/bin/europa -I C:/software/altera/quartus/sopc_builder/bin/perl_lib -I C:/software/altera/quartus/sopc_builder/bin -I C:/software/altera/quartus/../ip/altera/sopc_builder_ip/common -I C:/software/altera/quartus/../ip/altera/sopc_builder_ip/altera_avalon_jtag_uart -- C:/software/altera/quartus/../ip/altera/sopc_builder_ip/altera_avalon_jtag_uart/generate_rtl.pl --name=nios_cpu_jtag_uart_0 --dir=C:/Users/s396411/AppData/Local/Temp/alt7155_7587934927086033295.dir/0003_jtag_uart_0_gen/ --quartus_dir=C:/software/altera/quartus --verilog --config=C:/Users/s396411/AppData/Local/Temp/alt7155_7587934927086033295.dir/0003_jtag_uart_0_gen//nios_cpu_jtag_uart_0_component_configuration.pl  --do_build_sim=0  ]
Info: jtag_uart_0: Done RTL generation for module 'nios_cpu_jtag_uart_0'
Info: jtag_uart_0: "nios_cpu" instantiated altera_avalon_jtag_uart "jtag_uart_0"
Info: nios2_cpu_instruction_master_translator: "nios_cpu" instantiated altera_merlin_master_translator "nios2_cpu_instruction_master_translator"
Info: nios2_cpu_jtag_debug_module_translator: "nios_cpu" instantiated altera_merlin_slave_translator "nios2_cpu_jtag_debug_module_translator"
Info: nios2_cpu_instruction_master_translator_avalon_universal_master_0_agent: "nios_cpu" instantiated altera_merlin_master_agent "nios2_cpu_instruction_master_translator_avalon_universal_master_0_agent"
Info: nios2_cpu_jtag_debug_module_translator_avalon_universal_slave_0_agent: "nios_cpu" instantiated altera_merlin_slave_agent "nios2_cpu_jtag_debug_module_translator_avalon_universal_slave_0_agent"
Info: nios2_cpu_jtag_debug_module_translator_avalon_universal_slave_0_agent_rsp_fifo: "nios_cpu" instantiated altera_avalon_sc_fifo "nios2_cpu_jtag_debug_module_translator_avalon_universal_slave_0_agent_rsp_fifo"
Info: addr_router: "nios_cpu" instantiated altera_merlin_router "addr_router"
Info: id_router: "nios_cpu" instantiated altera_merlin_router "id_router"
Info: limiter: "nios_cpu" instantiated altera_merlin_traffic_limiter "limiter"
Info: rst_controller: "nios_cpu" instantiated altera_reset_controller "rst_controller"
Info: cmd_xbar_demux: "nios_cpu" instantiated altera_merlin_demultiplexer "cmd_xbar_demux"
Info: cmd_xbar_mux: "nios_cpu" instantiated altera_merlin_multiplexer "cmd_xbar_mux"
Info: rsp_xbar_demux: "nios_cpu" instantiated altera_merlin_demultiplexer "rsp_xbar_demux"
Info: rsp_xbar_mux: "nios_cpu" instantiated altera_merlin_multiplexer "rsp_xbar_mux"
Info: Reusing file P:/nios_simple_memonchip/nios_cpu/synthesis/submodules/altera_merlin_arbitrator.sv
Info: irq_mapper: "nios_cpu" instantiated altera_irq_mapper "irq_mapper"
Info: nios_cpu: Done nios_cpu" with 18 modules, 62 files, 1380053 bytes
Info: ip-generate succeeded.
Info: Finished: Create HDL design files for synthesis
