Flow report for nios_memonchip
Tue Dec 20 09:56:37 2016
Quartus II 64-Bit Version 13.0.1 Build 232 06/12/2013 Service Pack 1 SJ Web Edition


---------------------
; Table of Contents ;
---------------------
  1. Legal Notice
  2. Flow Summary
  3. Flow Settings
  4. Flow Non-Default Global Settings
  5. Flow Elapsed Time
  6. Flow OS Summary
  7. Flow Log
  8. Flow Messages
  9. Flow Suppressed Messages



----------------
; Legal Notice ;
----------------
Copyright (C) 1991-2013 Altera Corporation
Your use of Altera Corporation's design tools, logic functions 
and other software and tools, and its AMPP partner logic 
functions, and any output files from any of the foregoing 
(including device programming or simulation files), and any 
associated documentation or information are expressly subject 
to the terms and conditions of the Altera Program License 
Subscription Agreement, Altera MegaCore Function License 
Agreement, or other applicable license agreement, including, 
without limitation, that your use is for the sole purpose of 
programming logic devices manufactured by Altera and sold by 
Altera or its authorized distributors.  Please refer to the 
applicable agreement for further details.



+--------------------------------------------------------------------------------------+
; Flow Summary                                                                         ;
+------------------------------------+-------------------------------------------------+
; Flow Status                        ; Flow Failed - Tue Dec 20 09:56:37 2016          ;
; Quartus II 64-Bit Version          ; 13.0.1 Build 232 06/12/2013 SP 1 SJ Web Edition ;
; Revision Name                      ; nios_memonchip                                  ;
; Top-level Entity Name              ; nios_memonchip                                  ;
; Family                             ; Cyclone II                                      ;
; Device                             ; EP2C20F484C7                                    ;
; Timing Models                      ; Final                                           ;
; Total logic elements               ; 3,423 / 18,752 ( 18 % )                         ;
;     Total combinational functions  ; 2,877 / 18,752 ( 15 % )                         ;
;     Dedicated logic registers      ; 1,966 / 18,752 ( 10 % )                         ;
; Total registers                    ; 1966                                            ;
; Total pins                         ; 1 / 315 ( < 1 % )                               ;
; Total virtual pins                 ; 0                                               ;
; Total memory bits                  ; 218,528 / 239,616 ( 91 % )                      ;
; Embedded Multiplier 9-bit elements ; 4 / 52 ( 8 % )                                  ;
; Total PLLs                         ; 0 / 4 ( 0 % )                                   ;
+------------------------------------+-------------------------------------------------+


+-----------------------------------------+
; Flow Settings                           ;
+-------------------+---------------------+
; Option            ; Setting             ;
+-------------------+---------------------+
; Start date & time ; 12/20/2016 09:56:03 ;
; Main task         ; Compilation         ;
; Revision Name     ; nios_memonchip      ;
+-------------------+---------------------+


+-----------------------------------------------------------------------------------------------------------------------------------------------------------------+
; Flow Non-Default Global Settings                                                                                                                                ;
+-------------------------------------+------------------------------------------------------------+---------------+---------------------------------+------------+
; Assignment Name                     ; Value                                                      ; Default Value ; Entity Name                     ; Section Id ;
+-------------------------------------+------------------------------------------------------------+---------------+---------------------------------+------------+
; COMPILER_SIGNATURE_ID               ; 203178703805820.148222416306456                            ; --            ; --                              ; --         ;
; IP_TOOL_ENV                         ; Qsys                                                       ; --            ; altera_avalon_sc_fifo           ; --         ;
; IP_TOOL_ENV                         ; Qsys                                                       ; --            ; altera_merlin_master_agent      ; --         ;
; IP_TOOL_ENV                         ; Qsys                                                       ; --            ; altera_merlin_master_translator ; --         ;
; IP_TOOL_ENV                         ; Qsys                                                       ; --            ; altera_merlin_slave_agent       ; --         ;
; IP_TOOL_ENV                         ; Qsys                                                       ; --            ; altera_merlin_slave_translator  ; --         ;
; IP_TOOL_ENV                         ; Qsys                                                       ; --            ; altera_merlin_traffic_limiter   ; --         ;
; IP_TOOL_ENV                         ; Qsys                                                       ; --            ; altera_reset_controller         ; --         ;
; IP_TOOL_ENV                         ; Qsys                                                       ; --            ; nios_cpu                        ; --         ;
; IP_TOOL_ENV                         ; Qsys                                                       ; --            ; nios_cpu_addr_router            ; --         ;
; IP_TOOL_ENV                         ; Qsys                                                       ; --            ; nios_cpu_cmd_xbar_demux         ; --         ;
; IP_TOOL_ENV                         ; Qsys                                                       ; --            ; nios_cpu_cmd_xbar_mux           ; --         ;
; IP_TOOL_ENV                         ; Qsys                                                       ; --            ; nios_cpu_id_router              ; --         ;
; IP_TOOL_ENV                         ; Qsys                                                       ; --            ; nios_cpu_irq_mapper             ; --         ;
; IP_TOOL_ENV                         ; Qsys                                                       ; --            ; nios_cpu_jtag_uart_0            ; --         ;
; IP_TOOL_ENV                         ; Qsys                                                       ; --            ; nios_cpu_nios2_cpu              ; --         ;
; IP_TOOL_ENV                         ; Qsys                                                       ; --            ; nios_cpu_onchip_memory2_0       ; --         ;
; IP_TOOL_ENV                         ; Qsys                                                       ; --            ; nios_cpu_rsp_xbar_demux         ; --         ;
; IP_TOOL_ENV                         ; Qsys                                                       ; --            ; nios_cpu_rsp_xbar_mux           ; --         ;
; IP_TOOL_NAME                        ; altera_avalon_sc_fifo                                      ; --            ; altera_avalon_sc_fifo           ; --         ;
; IP_TOOL_NAME                        ; altera_merlin_master_agent                                 ; --            ; altera_merlin_master_agent      ; --         ;
; IP_TOOL_NAME                        ; altera_merlin_master_translator                            ; --            ; altera_merlin_master_translator ; --         ;
; IP_TOOL_NAME                        ; altera_merlin_slave_agent                                  ; --            ; altera_merlin_slave_agent       ; --         ;
; IP_TOOL_NAME                        ; altera_merlin_slave_translator                             ; --            ; altera_merlin_slave_translator  ; --         ;
; IP_TOOL_NAME                        ; altera_merlin_traffic_limiter                              ; --            ; altera_merlin_traffic_limiter   ; --         ;
; IP_TOOL_NAME                        ; altera_reset_controller                                    ; --            ; altera_reset_controller         ; --         ;
; IP_TOOL_NAME                        ; Qsys                                                       ; --            ; nios_cpu                        ; --         ;
; IP_TOOL_NAME                        ; altera_merlin_router                                       ; --            ; nios_cpu_addr_router            ; --         ;
; IP_TOOL_NAME                        ; altera_merlin_demultiplexer                                ; --            ; nios_cpu_cmd_xbar_demux         ; --         ;
; IP_TOOL_NAME                        ; altera_merlin_multiplexer                                  ; --            ; nios_cpu_cmd_xbar_mux           ; --         ;
; IP_TOOL_NAME                        ; altera_merlin_router                                       ; --            ; nios_cpu_id_router              ; --         ;
; IP_TOOL_NAME                        ; altera_irq_mapper                                          ; --            ; nios_cpu_irq_mapper             ; --         ;
; IP_TOOL_NAME                        ; altera_avalon_jtag_uart                                    ; --            ; nios_cpu_jtag_uart_0            ; --         ;
; IP_TOOL_NAME                        ; altera_nios2_qsys                                          ; --            ; nios_cpu_nios2_cpu              ; --         ;
; IP_TOOL_NAME                        ; altera_avalon_onchip_memory2                               ; --            ; nios_cpu_onchip_memory2_0       ; --         ;
; IP_TOOL_NAME                        ; altera_merlin_demultiplexer                                ; --            ; nios_cpu_rsp_xbar_demux         ; --         ;
; IP_TOOL_NAME                        ; altera_merlin_multiplexer                                  ; --            ; nios_cpu_rsp_xbar_mux           ; --         ;
; IP_TOOL_VERSION                     ; 13.0                                                       ; --            ; altera_avalon_sc_fifo           ; --         ;
; IP_TOOL_VERSION                     ; 13.0                                                       ; --            ; altera_merlin_master_agent      ; --         ;
; IP_TOOL_VERSION                     ; 13.0                                                       ; --            ; altera_merlin_master_translator ; --         ;
; IP_TOOL_VERSION                     ; 13.0                                                       ; --            ; altera_merlin_slave_agent       ; --         ;
; IP_TOOL_VERSION                     ; 13.0                                                       ; --            ; altera_merlin_slave_translator  ; --         ;
; IP_TOOL_VERSION                     ; 13.0                                                       ; --            ; altera_merlin_traffic_limiter   ; --         ;
; IP_TOOL_VERSION                     ; 13.0                                                       ; --            ; altera_reset_controller         ; --         ;
; IP_TOOL_VERSION                     ; 13.0sp1                                                    ; --            ; nios_cpu                        ; --         ;
; IP_TOOL_VERSION                     ; 13.0                                                       ; --            ; nios_cpu_addr_router            ; --         ;
; IP_TOOL_VERSION                     ; 13.0                                                       ; --            ; nios_cpu_cmd_xbar_demux         ; --         ;
; IP_TOOL_VERSION                     ; 13.0                                                       ; --            ; nios_cpu_cmd_xbar_mux           ; --         ;
; IP_TOOL_VERSION                     ; 13.0                                                       ; --            ; nios_cpu_id_router              ; --         ;
; IP_TOOL_VERSION                     ; 13.0                                                       ; --            ; nios_cpu_irq_mapper             ; --         ;
; IP_TOOL_VERSION                     ; 13.0.1.99.2                                                ; --            ; nios_cpu_jtag_uart_0            ; --         ;
; IP_TOOL_VERSION                     ; 13.0                                                       ; --            ; nios_cpu_nios2_cpu              ; --         ;
; IP_TOOL_VERSION                     ; 13.0.1.99.2                                                ; --            ; nios_cpu_onchip_memory2_0       ; --         ;
; IP_TOOL_VERSION                     ; 13.0                                                       ; --            ; nios_cpu_rsp_xbar_demux         ; --         ;
; IP_TOOL_VERSION                     ; 13.0                                                       ; --            ; nios_cpu_rsp_xbar_mux           ; --         ;
; MAX_CORE_JUNCTION_TEMP              ; 85                                                         ; --            ; --                              ; --         ;
; MIN_CORE_JUNCTION_TEMP              ; 0                                                          ; --            ; --                              ; --         ;
; MISC_FILE                           ; nios_cpu/synthesis/../../nios_cpu.cmp                      ; --            ; --                              ; --         ;
; MISC_FILE                           ; nios_cpu/synthesis/../../nios_cpu.qsys                     ; --            ; --                              ; --         ;
; PARTITION_COLOR                     ; 16764057                                                   ; --            ; --                              ; Top        ;
; PARTITION_FITTER_PRESERVATION_LEVEL ; PLACEMENT_AND_ROUTING                                      ; --            ; --                              ; Top        ;
; PARTITION_NETLIST_TYPE              ; SOURCE                                                     ; --            ; --                              ; Top        ;
; PROJECT_OUTPUT_DIRECTORY            ; output_files                                               ; --            ; --                              ; --         ;
; SLD_INFO                            ; QSYS_NAME nios_cpu HAS_SOPCINFO 1 GENERATION_ID 1482223270 ; --            ; nios_cpu                        ; --         ;
; SOPCINFO_FILE                       ; nios_cpu/synthesis/../../nios_cpu.sopcinfo                 ; --            ; --                              ; --         ;
; SYNTHESIS_ONLY_QIP                  ; On                                                         ; --            ; --                              ; --         ;
+-------------------------------------+------------------------------------------------------------+---------------+---------------------------------+------------+


+--------------------------------------------------------------------------------------------------------------------------+
; Flow Elapsed Time                                                                                                        ;
+----------------------+--------------+-------------------------+---------------------+------------------------------------+
; Module Name          ; Elapsed Time ; Average Processors Used ; Peak Virtual Memory ; Total CPU Time (on all processors) ;
+----------------------+--------------+-------------------------+---------------------+------------------------------------+
; Analysis & Synthesis ; 00:00:22     ; 1.0                     ; 624 MB              ; 00:00:17                           ;
; Fitter               ; 00:00:10     ; 1.0                     ; 729 MB              ; 00:00:08                           ;
; Total                ; 00:00:32     ; --                      ; --                  ; 00:00:25                           ;
+----------------------+--------------+-------------------------+---------------------+------------------------------------+


+-----------------------------------------------------------------------------------+
; Flow OS Summary                                                                   ;
+----------------------+------------------+-----------+------------+----------------+
; Module Name          ; Machine Hostname ; OS Name   ; OS Version ; Processor type ;
+----------------------+------------------+-----------+------------+----------------+
; Analysis & Synthesis ; pc24a            ; Windows 7 ; 6.2        ; x86_64         ;
; Fitter               ; pc24a            ; Windows 7 ; 6.2        ; x86_64         ;
+----------------------+------------------+-----------+------------+----------------+


------------
; Flow Log ;
------------
quartus_map --read_settings_files=on --write_settings_files=off nios_memonchip -c nios_memonchip
quartus_fit --read_settings_files=off --write_settings_files=off nios_memonchip -c nios_memonchip



